<?xml version="1.0" encoding="UTF-8"?>
<testng-results ignored="0" total="6" passed="5" failed="1" skipped="0">
  <reporter-output>
  </reporter-output>
  <suite started-at="2025-09-16T01:01:04 IST" name="Suite" finished-at="2025-09-16T01:01:56 IST" duration-ms="51594">
    <groups>
      <group name="ErrorHandling">
        <method signature="ErrorValidation.LoginValidation()[pri:0, instance:YSK.ErrorValidation@4f0f2942]" name="LoginValidation" class="YSK.ErrorValidation"/>
      </group> <!-- ErrorHandling -->
      <group name="purchaseOrder">
        <method signature="SubmitOrder.SubmitOrder(java.lang.String,java.lang.String,java.lang.String)[pri:0, instance:YSK.SubmitOrder@76494737]" name="SubmitOrder" class="YSK.SubmitOrder"/>
      </group> <!-- purchaseOrder -->
    </groups>
    <test started-at="2025-09-16T01:01:04 IST" name="SubmitOrderTest" finished-at="2025-09-16T01:01:28 IST" duration-ms="24128">
      <class name="YSK.SubmitOrder">
        <test-method is-config="true" signature="launchApplication()[pri:0, instance:YSK.SubmitOrder@76494737]" started-at="2025-09-16T01:01:04 IST" name="launchApplication" finished-at="2025-09-16T01:01:08 IST" duration-ms="3830" status="PASS">
          <reporter-output>
          </reporter-output>
        </test-method> <!-- launchApplication -->
        <test-method signature="SubmitOrder(java.lang.String,java.lang.String,java.lang.String)[pri:0, instance:YSK.SubmitOrder@76494737]" started-at="2025-09-16T01:01:08 IST" name="SubmitOrder" data-provider="getData" finished-at="2025-09-16T01:01:12 IST" duration-ms="4052" status="PASS">
          <params>
            <param index="0">
              <value>
                <![CDATA[ysk@gmail.com]]>
              </value>
            </param>
            <param index="1">
              <value>
                <![CDATA[Samsung525$]]>
              </value>
            </param>
            <param index="2">
              <value>
                <![CDATA[ZARA COAT 3]]>
              </value>
            </param>
          </params>
          <reporter-output>
          </reporter-output>
        </test-method> <!-- SubmitOrder -->
        <test-method is-config="true" signature="teardown()[pri:0, instance:YSK.SubmitOrder@76494737]" started-at="2025-09-16T01:01:12 IST" name="teardown" finished-at="2025-09-16T01:01:12 IST" duration-ms="165" status="PASS">
          <reporter-output>
          </reporter-output>
        </test-method> <!-- teardown -->
        <test-method is-config="true" signature="launchApplication()[pri:0, instance:YSK.SubmitOrder@76494737]" started-at="2025-09-16T01:01:12 IST" name="launchApplication" finished-at="2025-09-16T01:01:16 IST" duration-ms="3882" status="PASS">
          <reporter-output>
          </reporter-output>
        </test-method> <!-- launchApplication -->
        <test-method signature="SubmitOrder(java.lang.String,java.lang.String,java.lang.String)[pri:0, instance:YSK.SubmitOrder@76494737]" started-at="2025-09-16T01:01:16 IST" name="SubmitOrder" data-provider="getData" finished-at="2025-09-16T01:01:20 IST" duration-ms="4085" status="PASS">
          <params>
            <param index="0">
              <value>
                <![CDATA[test12122@gmail.com]]>
              </value>
            </param>
            <param index="1">
              <value>
                <![CDATA[Samsung525$]]>
              </value>
            </param>
            <param index="2">
              <value>
                <![CDATA[iphone 13 pro]]>
              </value>
            </param>
          </params>
          <reporter-output>
          </reporter-output>
        </test-method> <!-- SubmitOrder -->
        <test-method is-config="true" signature="teardown()[pri:0, instance:YSK.SubmitOrder@76494737]" started-at="2025-09-16T01:01:20 IST" name="teardown" finished-at="2025-09-16T01:01:20 IST" duration-ms="186" status="PASS">
          <reporter-output>
          </reporter-output>
        </test-method> <!-- teardown -->
        <test-method is-config="true" signature="launchApplication()[pri:0, instance:YSK.SubmitOrder@76494737]" started-at="2025-09-16T01:01:20 IST" name="launchApplication" finished-at="2025-09-16T01:01:25 IST" duration-ms="4521" status="PASS">
          <reporter-output>
          </reporter-output>
        </test-method> <!-- launchApplication -->
        <test-method signature="OrderHistory(java.lang.String,java.lang.String,java.lang.String)[pri:0, instance:YSK.SubmitOrder@76494737]" started-at="2025-09-16T01:01:25 IST" name="OrderHistory" data-provider="getData" finished-at="2025-09-16T01:01:26 IST" depends-on-methods="YSK.SubmitOrder.SubmitOrder" duration-ms="800" status="PASS">
          <params>
            <param index="0">
              <value>
                <![CDATA[ysk@gmail.com]]>
              </value>
            </param>
            <param index="1">
              <value>
                <![CDATA[Samsung525$]]>
              </value>
            </param>
            <param index="2">
              <value>
                <![CDATA[ZARA COAT 3]]>
              </value>
            </param>
          </params>
          <reporter-output>
          </reporter-output>
        </test-method> <!-- OrderHistory -->
        <test-method is-config="true" signature="teardown()[pri:0, instance:YSK.SubmitOrder@76494737]" started-at="2025-09-16T01:01:26 IST" name="teardown" finished-at="2025-09-16T01:01:26 IST" duration-ms="153" status="PASS">
          <reporter-output>
          </reporter-output>
        </test-method> <!-- teardown -->
        <test-method is-config="true" signature="launchApplication()[pri:0, instance:YSK.SubmitOrder@76494737]" started-at="2025-09-16T01:01:26 IST" name="launchApplication" finished-at="2025-09-16T01:01:27 IST" duration-ms="1392" status="PASS">
          <reporter-output>
          </reporter-output>
        </test-method> <!-- launchApplication -->
        <test-method signature="OrderHistory(java.lang.String,java.lang.String,java.lang.String)[pri:0, instance:YSK.SubmitOrder@76494737]" started-at="2025-09-16T01:01:27 IST" name="OrderHistory" data-provider="getData" finished-at="2025-09-16T01:01:28 IST" depends-on-methods="YSK.SubmitOrder.SubmitOrder" duration-ms="825" status="PASS">
          <params>
            <param index="0">
              <value>
                <![CDATA[test12122@gmail.com]]>
              </value>
            </param>
            <param index="1">
              <value>
                <![CDATA[Samsung525$]]>
              </value>
            </param>
            <param index="2">
              <value>
                <![CDATA[iphone 13 pro]]>
              </value>
            </param>
          </params>
          <reporter-output>
          </reporter-output>
        </test-method> <!-- OrderHistory -->
        <test-method is-config="true" signature="teardown()[pri:0, instance:YSK.SubmitOrder@76494737]" started-at="2025-09-16T01:01:28 IST" name="teardown" finished-at="2025-09-16T01:01:28 IST" duration-ms="170" status="PASS">
          <reporter-output>
          </reporter-output>
        </test-method> <!-- teardown -->
      </class> <!-- YSK.SubmitOrder -->
    </test> <!-- SubmitOrderTest -->
    <test started-at="2025-09-16T01:01:28 IST" name="ErrorValidationTest" finished-at="2025-09-16T01:01:56 IST" duration-ms="27110">
      <class name="YSK.ErrorValidation">
        <test-method is-config="true" signature="launchApplication()[pri:0, instance:YSK.ErrorValidation@4f0f2942]" started-at="2025-09-16T01:01:28 IST" name="launchApplication" finished-at="2025-09-16T01:01:30 IST" duration-ms="1468" status="PASS">
          <reporter-output>
          </reporter-output>
        </test-method> <!-- launchApplication -->
        <test-method signature="CartValidation()[pri:0, instance:YSK.ErrorValidation@4f0f2942]" started-at="2025-09-16T01:01:30 IST" name="CartValidation" finished-at="2025-09-16T01:01:33 IST" duration-ms="3037" status="PASS">
          <reporter-output>
          </reporter-output>
        </test-method> <!-- CartValidation -->
        <test-method is-config="true" signature="teardown()[pri:0, instance:YSK.ErrorValidation@4f0f2942]" started-at="2025-09-16T01:01:33 IST" name="teardown" finished-at="2025-09-16T01:01:33 IST" duration-ms="189" status="PASS">
          <reporter-output>
          </reporter-output>
        </test-method> <!-- teardown -->
        <test-method is-config="true" signature="launchApplication()[pri:0, instance:YSK.ErrorValidation@4f0f2942]" started-at="2025-09-16T01:01:33 IST" name="launchApplication" finished-at="2025-09-16T01:01:35 IST" duration-ms="1582" status="PASS">
          <reporter-output>
          </reporter-output>
        </test-method> <!-- launchApplication -->
        <test-method signature="LoginValidation()[pri:0, instance:YSK.ErrorValidation@4f0f2942]" started-at="2025-09-16T01:01:35 IST" name="LoginValidation" finished-at="2025-09-16T01:01:55 IST" duration-ms="20388" status="FAIL">
          <exception class="org.openqa.selenium.TimeoutException">
            <message>
              <![CDATA[Expected condition failed: waiting for visibility of Proxy element for: DefaultElementLocator 'By.cssSelector: div[aria-label='Incorrect email or password.']' (tried for 5 second(s) with 500 milliseconds interval)]]>
            </message>
            <full-stacktrace>
              <![CDATA[org.openqa.selenium.TimeoutException: Expected condition failed: waiting for visibility of Proxy element for: DefaultElementLocator 'By.cssSelector: div[aria-label='Incorrect email or password.']' (tried for 5 second(s) with 500 milliseconds interval)
at org.openqa.selenium.support.ui.WebDriverWait.timeoutException(WebDriverWait.java:84)
at org.openqa.selenium.support.ui.FluentWait.until(FluentWait.java:228)
at abstractComponents.AbstractComponents.waitforvisibilityelement(AbstractComponents.java:58)
at YSK.LandingPage.geterrorMessage(LandingPage.java:51)
at YSK.ErrorValidation.LoginValidation(ErrorValidation.java:18)
at java.base/jdk.internal.reflect.NativeMethodAccessorImpl.invoke0(Native Method)
at java.base/jdk.internal.reflect.NativeMethodAccessorImpl.invoke(NativeMethodAccessorImpl.java:77)
at java.base/jdk.internal.reflect.DelegatingMethodAccessorImpl.invoke(DelegatingMethodAccessorImpl.java:43)
at java.base/java.lang.reflect.Method.invoke(Method.java:568)
at org.testng.internal.invokers.MethodInvocationHelper.invokeMethod(MethodInvocationHelper.java:141)
at org.testng.internal.invokers.TestInvoker.invokeMethod(TestInvoker.java:687)
at org.testng.internal.invokers.TestInvoker.invokeTestMethod(TestInvoker.java:230)
at org.testng.internal.invokers.MethodRunner.runInSequence(MethodRunner.java:63)
at org.testng.internal.invokers.TestInvoker$MethodInvocationAgent.invoke(TestInvoker.java:995)
at org.testng.internal.invokers.TestInvoker.invokeTestMethods(TestInvoker.java:203)
at org.testng.internal.invokers.TestMethodWorker.invokeTestMethods(TestMethodWorker.java:154)
at org.testng.internal.invokers.TestMethodWorker.run(TestMethodWorker.java:134)
at java.base/java.util.ArrayList.forEach(ArrayList.java:1511)
at org.testng.TestRunner.privateRun(TestRunner.java:741)
at org.testng.TestRunner.run(TestRunner.java:616)
at org.testng.SuiteRunner.runTest(SuiteRunner.java:421)
at org.testng.SuiteRunner.runSequentially(SuiteRunner.java:413)
at org.testng.SuiteRunner.privateRun(SuiteRunner.java:373)
at org.testng.SuiteRunner.run(SuiteRunner.java:312)
at org.testng.SuiteRunnerWorker.runSuite(SuiteRunnerWorker.java:52)
at org.testng.SuiteRunnerWorker.run(SuiteRunnerWorker.java:95)
at org.testng.TestNG.runSuitesSequentially(TestNG.java:1274)
at org.testng.TestNG.runSuitesLocally(TestNG.java:1208)
at org.testng.TestNG.runSuites(TestNG.java:1112)
at org.testng.TestNG.run(TestNG.java:1079)
at org.apache.maven.surefire.testng.TestNGExecutor.run(TestNGExecutor.java:308)
at org.apache.maven.surefire.testng.TestNGXmlTestSuite.execute(TestNGXmlTestSuite.java:71)
at org.apache.maven.surefire.testng.TestNGProvider.invoke(TestNGProvider.java:113)
at org.apache.maven.surefire.booter.ForkedBooter.runSuitesInProcess(ForkedBooter.java:385)
at org.apache.maven.surefire.booter.ForkedBooter.execute(ForkedBooter.java:162)
at org.apache.maven.surefire.booter.ForkedBooter.run(ForkedBooter.java:507)
at org.apache.maven.surefire.booter.ForkedBooter.main(ForkedBooter.java:495)
Caused by: org.openqa.selenium.NoSuchElementException: no such element: Unable to locate element: {"method":"css selector","selector":"div[aria-label='Incorrect email or password.']"}
  (Session info: chrome=140.0.7339.128)
For documentation on this error, please visit: https://www.selenium.dev/documentation/webdriver/troubleshooting/errors#no-such-element-exception
Build info: version: '4.35.0', revision: '1c58e5028b'
System info: os.name: 'Windows 11', os.arch: 'amd64', os.version: '10.0', java.version: '17.0.8'
Driver info: org.openqa.selenium.chrome.ChromeDriver
Command: [6bf14b849b28975aba97d4cc7f713e6f, findElement {value=div[aria-label='Incorrect email or password.'], using=css selector}]
Capabilities {acceptInsecureCerts: false, browserName: chrome, browserVersion: 140.0.7339.128, chrome: {chromedriverVersion: 140.0.7339.82 (bc93617e21c3..., userDataDir: C:\Users\user\AppData\Local...}, fedcm:accounts: true, goog:chromeOptions: {debuggerAddress: localhost:50550}, networkConnectionEnabled: false, pageLoadStrategy: normal, platformName: windows, proxy: Proxy(), se:cdp: ws://localhost:50550/devtoo..., se:cdpVersion: 140.0.7339.128, setWindowRect: true, strictFileInteractability: false, timeouts: {implicit: 0, pageLoad: 300000, script: 30000}, unhandledPromptBehavior: dismiss and notify, webauthn:extension:credBlob: true, webauthn:extension:largeBlob: true, webauthn:extension:minPinLength: true, webauthn:extension:prf: true, webauthn:virtualAuthenticators: true}
Session ID: 6bf14b849b28975aba97d4cc7f713e6f
at java.base/jdk.internal.reflect.NativeConstructorAccessorImpl.newInstance0(Native Method)
at java.base/jdk.internal.reflect.NativeConstructorAccessorImpl.newInstance(NativeConstructorAccessorImpl.java:77)
at java.base/jdk.internal.reflect.DelegatingConstructorAccessorImpl.newInstance(DelegatingConstructorAccessorImpl.java:45)
at java.base/java.lang.reflect.Constructor.newInstanceWithCaller(Constructor.java:499)
at java.base/java.lang.reflect.Constructor.newInstance(Constructor.java:480)
at org.openqa.selenium.remote.ErrorCodec.decode(ErrorCodec.java:167)
at org.openqa.selenium.remote.codec.w3c.W3CHttpResponseCodec.decode(W3CHttpResponseCodec.java:138)
at org.openqa.selenium.remote.codec.w3c.W3CHttpResponseCodec.decode(W3CHttpResponseCodec.java:50)
at org.openqa.selenium.remote.HttpCommandExecutor.execute(HttpCommandExecutor.java:215)
at org.openqa.selenium.remote.service.DriverCommandExecutor.invokeExecute(DriverCommandExecutor.java:216)
at org.openqa.selenium.remote.service.DriverCommandExecutor.execute(DriverCommandExecutor.java:174)
at org.openqa.selenium.remote.RemoteWebDriver.execute(RemoteWebDriver.java:557)
at org.openqa.selenium.remote.ElementLocation$ElementFinder$2.findElement(ElementLocation.java:165)
at org.openqa.selenium.remote.ElementLocation.findElement(ElementLocation.java:59)
at org.openqa.selenium.remote.RemoteWebDriver.findElement(RemoteWebDriver.java:380)
at org.openqa.selenium.remote.RemoteWebDriver.findElement(RemoteWebDriver.java:374)
at org.openqa.selenium.support.pagefactory.DefaultElementLocator.findElement(DefaultElementLocator.java:68)
at org.openqa.selenium.support.pagefactory.internal.LocatingElementHandler.invoke(LocatingElementHandler.java:38)
at jdk.proxy2/jdk.proxy2.$Proxy12.isDisplayed(Unknown Source)
at org.openqa.selenium.support.ui.ExpectedConditions.elementIfVisible(ExpectedConditions.java:304)
at org.openqa.selenium.support.ui.ExpectedConditions$10.apply(ExpectedConditions.java:290)
at org.openqa.selenium.support.ui.ExpectedConditions$10.apply(ExpectedConditions.java:287)
at org.openqa.selenium.support.ui.FluentWait.until(FluentWait.java:203)
... 35 more
]]>
            </full-stacktrace>
          </exception> <!-- org.openqa.selenium.TimeoutException -->
          <reporter-output>
          </reporter-output>
        </test-method> <!-- LoginValidation -->
        <test-method is-config="true" signature="teardown()[pri:0, instance:YSK.ErrorValidation@4f0f2942]" started-at="2025-09-16T01:01:55 IST" name="teardown" finished-at="2025-09-16T01:01:56 IST" duration-ms="164" status="PASS">
          <reporter-output>
          </reporter-output>
        </test-method> <!-- teardown -->
      </class> <!-- YSK.ErrorValidation -->
    </test> <!-- ErrorValidationTest -->
  </suite> <!-- Suite -->
</testng-results>
